
ROM used:   1375/8192 (17%)
            1375/8192 (17%) including unused fragments

            0.4 Average locations per line
            3.8 Average locations per statement

RAM used:   23/368 (6%) at main() level
            45/368 (12%) worst case

Stack used: 0 worst case (0 in main + 0 for interrupts)
Stack size: 8

Lines Stmts  %   Files
----- ----- ---  -----
   39    16   4  main.c
   11     0   0  main.h
  707     0   0  C:\Program Files (x86)\PICC\Devices\16F877A.h
  249    88  24  lcd.h
 2228   258  71  C:\Program Files (x86)\PICC\Drivers\math.h
----- -----
 3234   362 Total

Page ROM  %  RAM    Vol Diff  Functions:
---- --- --- ---    --- ----  ----------
0     31   2    2             @ITOF
0    117   9   13             @MULFF
0    204  15   14             @DIVFF
0     21   2    1             @delay_ms2
0      8   1    0             @const863
0     58   4    2    594  4.3  lcd_init
 Inline         3    620  3.8  lcd_read_byte
0     49   4    2    204  3.2  lcd_read_nibble
0     87   6    3    313  3.4  lcd_send_byte
0     43   3    1    336  1.9  lcd_send_nibble
0     35   3    4    335  5.5  lcd_gotoxy
0     36   3    1    272  4.1  lcd_putc
0    184  13   16    496  3.7  MAIN
0      9   1    0             @const877
0     86   6    4             @PSTRINGC7_860
0      8   1    0             @const882
0     89   6    5             @PSTRINGCN7_860
 Inline         5             @FTOSD
0     79   6   13             @DIV3232
0    226  16   13             @PRINTF_L32D_860FPFPF
0      1   0    0             @const893
 Inline         0             @cinit1

Program metrics:
    Functions               8
    Statements              362
    Comments                541
    Volume (V)              4900
    Difficulty (D)          28.5
    Effort to implement (E) 139793
    Time to implement (T)   2 hours, 9 minutes
    Est Delivered Bugs (B)  1
    Cyclomatic Complexity   10
    Maintainability (MI)    84

 Segment     Used  Free
-----------  ----  ----
00000-00003     4  0  
00004-007FF  1371  673  
00800-00FFF     0  2048  
01000-017FF     0  2048  
01800-01FFF     0  2048  



